<?xml version="1.0" encoding="UTF-8"?>
<!-- Generated by org.testng.reporters.JUnitReportReporter -->
<testsuite hostname="DESKTOP-PI3LFR0" name="com.ebay.home.ebayLogin" tests="2" failures="0" timestamp="19 Dec 2016 16:00:09 GMT" time="43.378" errors="0">
  <testcase name="firstTest" time="15.564" classname="com.ebay.home.ebayLogin"/>
  <testcase name="validLoginCredential" time="27.814" classname="com.ebay.home.ebayLogin"/>
</testsuite> <!-- com.ebay.home.ebayLogin -->
