<?xml version="1.0" encoding="UTF-8"?>
<!-- Generated by org.testng.reporters.JUnitReportReporter -->
<testsuite hostname="DESKTOP-PI3LFR0" name="com.ebay.home.ebayLogin" tests="2" failures="0" timestamp="13 Dec 2016 16:46:46 GMT" time="46.695" errors="0">
  <testcase name="firstTest" time="22.919" classname="com.ebay.home.ebayLogin"/>
  <testcase name="validLoginCredential" time="23.776" classname="com.ebay.home.ebayLogin"/>
</testsuite> <!-- com.ebay.home.ebayLogin -->
