<?xml version="1.0" encoding="UTF-8"?>
<!-- Generated by org.testng.reporters.JUnitReportReporter -->
<testsuite hostname="DESKTOP-PI3LFR0" name="com.ebay.home.AppHomeTest" tests="1" failures="0" timestamp="11 Dec 2016 15:03:47 GMT" time="17.354" errors="0">
  <testcase name="firstTest" time="17.354" classname="com.ebay.home.AppHomeTest"/>
</testsuite> <!-- com.ebay.home.AppHomeTest -->
